{
"/Users/emma/Code/react-typescript-starter/js/sum.js":{"path":"/Users/emma/Code/react-typescript-starter/js/sum.js","s":{"1":1,"2":1,"3":1},"b":{},"f":{"1":1},"fnMap":{"1":{"name":"sum","line":1,"loc":{"start":{"line":1,"column":39},"end":{"line":1,"column":58}},"skip":true}},"statementMap":{"1":{"start":{"line":1,"column":39},"end":{"line":2,"column":16},"skip":true},"2":{"start":{"line":2,"column":2},"end":{"line":2,"column":15},"skip":true},"3":{"start":{"line":4,"column":0},"end":{"line":4,"column":21}}},"branchMap":{},"l":{"1":1,"2":1,"4":1}},
"/Users/emma/Code/react-typescript-starter/js/CheckboxWithLabel.js":{"path":"/Users/emma/Code/react-typescript-starter/js/CheckboxWithLabel.js","s":{"1":1,"2":1,"3":1,"4":1,"5":2,"6":2,"7":2,"8":2,"9":2,"10":2,"11":1,"12":1,"13":1,"14":1,"15":0,"16":1,"17":1,"18":1,"19":1,"20":1,"21":1,"22":1,"23":0,"24":1,"25":1,"26":0,"27":1,"28":1,"29":1,"30":0,"31":1,"32":1,"33":1,"34":1,"35":1,"36":1,"37":1,"38":1,"39":1,"40":1,"41":1,"42":1,"43":1,"44":2,"45":1,"46":1},"b":{"1":[2,2],"2":[2,0],"3":[1,0],"4":[0,1],"5":[0,1],"6":[1,1],"7":[0,1],"8":[0,1],"9":[0,1],"10":[1,0,0],"11":[0,1],"12":[1,0],"13":[1,1],"14":[1,0],"15":[1,0],"16":[1,1]},"f":{"1":1,"2":1,"3":1,"4":1,"5":1,"6":1,"7":1,"8":1,"9":1,"10":1,"11":2},"fnMap":{"1":{"name":"(anonymous_1)","line":1,"loc":{"start":{"line":1,"column":120},"end":{"line":1,"column":132}}},"2":{"name":"defineProperties","line":1,"loc":{"start":{"line":1,"column":133},"end":{"line":1,"column":174}}},"3":{"name":"(anonymous_3)","line":1,"loc":{"start":{"line":1,"column":448},"end":{"line":1,"column":496}}},"4":{"name":"_interopRequireDefault","line":1,"loc":{"start":{"line":1,"column":778},"end":{"line":1,"column":815}}},"5":{"name":"_classCallCheck","line":1,"loc":{"start":{"line":1,"column":871},"end":{"line":1,"column":919}}},"6":{"name":"_possibleConstructorReturn","line":1,"loc":{"start":{"line":1,"column":1020},"end":{"line":1,"column":1068}}},"7":{"name":"_inherits","line":1,"loc":{"start":{"line":1,"column":1255},"end":{"line":1,"column":1296}}},"8":{"name":"(anonymous_8)","line":3,"loc":{"start":{"line":3,"column":20},"end":{"line":3,"column":48}}},"9":{"name":"CheckboxWithLabel","line":5,"loc":{"start":{"line":5,"column":2},"end":{"line":5,"column":62}}},"10":{"name":"onChange","line":11,"loc":{"start":{"line":11,"column":227},"end":{"line":14,"column":4}}},"11":{"name":"render","line":15,"loc":{"start":{"line":15,"column":87},"end":{"line":18,"column":4}}}},"statementMap":{"1":{"start":{"line":1,"column":39},"end":{"line":1,"column":101},"skip":true},"2":{"start":{"line":1,"column":101},"end":{"line":1,"column":650}},"3":{"start":{"line":1,"column":133},"end":{"line":1,"column":441}},"4":{"start":{"line":1,"column":175},"end":{"line":1,"column":440}},"5":{"start":{"line":1,"column":215},"end":{"line":1,"column":241}},"6":{"start":{"line":1,"column":241},"end":{"line":1,"column":296}},"7":{"start":{"line":1,"column":296},"end":{"line":1,"column":327}},"8":{"start":{"line":1,"column":327},"end":{"line":1,"column":381}},"9":{"start":{"line":1,"column":354},"end":{"line":1,"column":381}},"10":{"start":{"line":1,"column":381},"end":{"line":1,"column":439}},"11":{"start":{"line":1,"column":441},"end":{"line":1,"column":646}},"12":{"start":{"line":1,"column":497},"end":{"line":1,"column":565}},"13":{"start":{"line":1,"column":513},"end":{"line":1,"column":565}},"14":{"start":{"line":1,"column":565},"end":{"line":1,"column":625}},"15":{"start":{"line":1,"column":582},"end":{"line":1,"column":625}},"16":{"start":{"line":1,"column":625},"end":{"line":1,"column":644}},"17":{"start":{"line":1,"column":650},"end":{"line":1,"column":706}},"18":{"start":{"line":1,"column":733},"end":{"line":1,"column":778}},"19":{"start":{"line":1,"column":778},"end":{"line":1,"column":871}},"20":{"start":{"line":1,"column":816},"end":{"line":1,"column":870}},"21":{"start":{"line":1,"column":871},"end":{"line":1,"column":1020}},"22":{"start":{"line":1,"column":920},"end":{"line":1,"column":1019}},"23":{"start":{"line":1,"column":961},"end":{"line":1,"column":1018}},"24":{"start":{"line":1,"column":1020},"end":{"line":1,"column":1255}},"25":{"start":{"line":1,"column":1069},"end":{"line":1,"column":1168}},"26":{"start":{"line":1,"column":1081},"end":{"line":1,"column":1167}},"27":{"start":{"line":1,"column":1168},"end":{"line":1,"column":1254}},"28":{"start":{"line":1,"column":1255},"end":{"line":1,"column":1743}},"29":{"start":{"line":1,"column":1297},"end":{"line":1,"column":1460}},"30":{"start":{"line":1,"column":1359},"end":{"line":1,"column":1459}},"31":{"start":{"line":1,"column":1460},"end":{"line":1,"column":1624}},"32":{"start":{"line":1,"column":1624},"end":{"line":1,"column":1742}},"33":{"start":{"line":1,"column":1640},"end":{"line":1,"column":1742}},"34":{"start":{"line":1,"column":1743},"end":{"line":26,"column":161}},"35":{"start":{"line":3,"column":49},"end":{"line":3,"column":96}},"36":{"start":{"line":5,"column":2},"end":{"line":11,"column":168}},"37":{"start":{"line":5,"column":89},"end":{"line":5,"column":130}},"38":{"start":{"line":5,"column":130},"end":{"line":6,"column":12}},"39":{"start":{"line":7,"column":30},"end":{"line":7,"column":65}},"40":{"start":{"line":11,"column":30},"end":{"line":11,"column":127}},"41":{"start":{"line":11,"column":154},"end":{"line":11,"column":167},"skip":true},"42":{"start":{"line":11,"column":168},"end":{"line":26,"column":80}},"43":{"start":{"line":15,"column":6},"end":{"line":15,"column":58}},"44":{"start":{"line":19,"column":6},"end":{"line":26,"column":74}},"45":{"start":{"line":26,"column":80},"end":{"line":26,"column":105}},"46":{"start":{"line":26,"column":188},"end":{"line":26,"column":224}}},"branchMap":{"1":{"line":1,"type":"binary-expr","locations":[{"start":{"line":1,"column":265},"end":{"line":1,"column":286}},{"start":{"line":1,"column":290},"end":{"line":1,"column":295}}]},"2":{"line":1,"type":"if","locations":[{"start":{"line":1,"column":327},"end":{"line":1,"column":327}},{"start":{"line":1,"column":327},"end":{"line":1,"column":327}}]},"3":{"line":1,"type":"if","locations":[{"start":{"line":1,"column":497},"end":{"line":1,"column":497}},{"start":{"line":1,"column":497},"end":{"line":1,"column":497}}]},"4":{"line":1,"type":"if","locations":[{"start":{"line":1,"column":565},"end":{"line":1,"column":565}},{"start":{"line":1,"column":565},"end":{"line":1,"column":565}}]},"5":{"line":1,"type":"cond-expr","locations":[{"start":{"line":1,"column":847},"end":{"line":1,"column":850}},{"start":{"line":1,"column":853},"end":{"line":1,"column":869}}]},"6":{"line":1,"type":"binary-expr","locations":[{"start":{"line":1,"column":823},"end":{"line":1,"column":826}},{"start":{"line":1,"column":830},"end":{"line":1,"column":844}}]},"7":{"line":1,"type":"if","locations":[{"start":{"line":1,"column":920},"end":{"line":1,"column":920}},{"start":{"line":1,"column":920},"end":{"line":1,"column":920}}]},"8":{"line":1,"type":"if","locations":[{"start":{"line":1,"column":1069},"end":{"line":1,"column":1069}},{"start":{"line":1,"column":1069},"end":{"line":1,"column":1069}}]},"9":{"line":1,"type":"cond-expr","locations":[{"start":{"line":1,"column":1242},"end":{"line":1,"column":1246}},{"start":{"line":1,"column":1249},"end":{"line":1,"column":1253}}]},"10":{"line":1,"type":"binary-expr","locations":[{"start":{"line":1,"column":1175},"end":{"line":1,"column":1179}},{"start":{"line":1,"column":1184},"end":{"line":1,"column":1208}},{"start":{"line":1,"column":1212},"end":{"line":1,"column":1238}}]},"11":{"line":1,"type":"if","locations":[{"start":{"line":1,"column":1297},"end":{"line":1,"column":1297}},{"start":{"line":1,"column":1297},"end":{"line":1,"column":1297}}]},"12":{"line":1,"type":"binary-expr","locations":[{"start":{"line":1,"column":1301},"end":{"line":1,"column":1333}},{"start":{"line":1,"column":1337},"end":{"line":1,"column":1356}}]},"13":{"line":1,"type":"binary-expr","locations":[{"start":{"line":1,"column":1495},"end":{"line":1,"column":1505}},{"start":{"line":1,"column":1509},"end":{"line":1,"column":1529}}]},"14":{"line":1,"type":"if","locations":[{"start":{"line":1,"column":1624},"end":{"line":1,"column":1624}},{"start":{"line":1,"column":1624},"end":{"line":1,"column":1624}}]},"15":{"line":1,"type":"cond-expr","locations":[{"start":{"line":1,"column":1664},"end":{"line":1,"column":1707}},{"start":{"line":1,"column":1710},"end":{"line":1,"column":1741}}]},"16":{"line":26,"type":"cond-expr","locations":[{"start":{"line":26,"column":31},"end":{"line":26,"column":49}},{"start":{"line":26,"column":52},"end":{"line":26,"column":71}}]}},"l":{"1":2,"3":1,"5":1,"7":1,"11":1,"15":1,"19":2,"26":1}}}
